<?xml version="1.0" encoding="UTF-8"?>
<!-- Generated by org.testng.reporters.JUnitReportReporter -->
<testsuite hostname="DESKTOP-TJOH7SC" name="com.abc.testingscripts.GroupsDemo" tests="3" failures="0" timestamp="22 May 2020 05:03:46 GMT" time="0.014" errors="0">
  <testcase name="inbox" time="0.009" classname="com.abc.testingscripts.GroupsDemo"/>
  <testcase name="logout" time="0.003" classname="com.abc.testingscripts.GroupsDemo"/>
  <testcase name="sentItems" time="0.002" classname="com.abc.testingscripts.GroupsDemo"/>
</testsuite> <!-- com.abc.testingscripts.GroupsDemo -->
