<?xml version="1.0" encoding="UTF-8"?>
<!-- Generated by org.testng.reporters.JUnitReportReporter -->
<testsuite hostname="DESKTOP-TJOH7SC" name="com.abc.testingscripts.Parameterization" tests="1" failures="0" timestamp="21 May 2020 18:03:03 GMT" time="0.015" errors="0">
  <testcase name="parameterDisplay" time="0.015" classname="com.abc.testingscripts.Parameterization"/>
</testsuite> <!-- com.abc.testingscripts.Parameterization -->
